Watching for file changes with StatReloader
Received callback with CheckoutRequestID: ws_CO_01052025114250188712345678
Found payment: 1 for order: 1
Updated payment status to: successful
Bad Request: /api/payments/
Watching for file changes with StatReloader
C:\Users\Administrator\OneDrive\Documents\STUDIES\PERSONAL\WEB DEVELOPMENT\PROJECTS\Muindi-Mwesi-app\MM-backend\products\permissions.py changed, reloading.
Watching for file changes with StatReloader
C:\Users\Administrator\OneDrive\Documents\STUDIES\PERSONAL\WEB DEVELOPMENT\PROJECTS\Muindi-Mwesi-app\MM-backend\delivery\serializers.py changed, reloading.
Watching for file changes with StatReloader
C:\Users\Administrator\OneDrive\Documents\STUDIES\PERSONAL\WEB DEVELOPMENT\PROJECTS\Muindi-Mwesi-app\MM-backend\delivery\serializers.py changed, reloading.
Watching for file changes with StatReloader
C:\Users\Administrator\OneDrive\Documents\STUDIES\PERSONAL\WEB DEVELOPMENT\PROJECTS\Muindi-Mwesi-app\MM-backend\delivery\serializers.py changed, reloading.
Watching for file changes with StatReloader
C:\Users\Administrator\OneDrive\Documents\STUDIES\PERSONAL\WEB DEVELOPMENT\PROJECTS\Muindi-Mwesi-app\MM-backend\delivery\serializers.py changed, reloading.
Watching for file changes with StatReloader
C:\Users\Administrator\OneDrive\Documents\STUDIES\PERSONAL\WEB DEVELOPMENT\PROJECTS\Muindi-Mwesi-app\MM-backend\delivery\serializers.py changed, reloading.
Watching for file changes with StatReloader
C:\Users\Administrator\OneDrive\Documents\STUDIES\PERSONAL\WEB DEVELOPMENT\PROJECTS\Muindi-Mwesi-app\MM-backend\delivery\serializers.py changed, reloading.
Watching for file changes with StatReloader
C:\Users\Administrator\OneDrive\Documents\STUDIES\PERSONAL\WEB DEVELOPMENT\PROJECTS\Muindi-Mwesi-app\MM-backend\users\models.py changed, reloading.
Watching for file changes with StatReloader
C:\Users\Administrator\OneDrive\Documents\STUDIES\PERSONAL\WEB DEVELOPMENT\PROJECTS\Muindi-Mwesi-app\MM-backend\users\models.py changed, reloading.
Watching for file changes with StatReloader
Watching for file changes with StatReloader
Bad Request: /api/deliveries/
C:\Users\Administrator\OneDrive\Documents\STUDIES\PERSONAL\WEB DEVELOPMENT\PROJECTS\Muindi-Mwesi-app\MM-backend\delivery\views.py changed, reloading.
Watching for file changes with StatReloader
Watching for file changes with StatReloader
Watching for file changes with StatReloader
Watching for file changes with StatReloader
C:\Users\Administrator\OneDrive\Documents\STUDIES\PERSONAL\WEB DEVELOPMENT\PROJECTS\Muindi-Mwesi-app\MM-backend\backend\settings.py changed, reloading.
Watching for file changes with StatReloader
Watching for file changes with StatReloader
Watching for file changes with StatReloader
Watching for file changes with StatReloader
Watching for file changes with StatReloader
Watching for file changes with StatReloader
C:\Users\Administrator\OneDrive\Documents\STUDIES\PERSONAL\WEB DEVELOPMENT\PROJECTS\Muindi-Mwesi-app\MM-backend\backend\urls.py changed, reloading.
Watching for file changes with StatReloader
C:\Users\Administrator\OneDrive\Documents\STUDIES\PERSONAL\WEB DEVELOPMENT\PROJECTS\Muindi-Mwesi-app\MM-backend\backend\urls.py changed, reloading.
Watching for file changes with StatReloader
C:\Users\Administrator\OneDrive\Documents\STUDIES\PERSONAL\WEB DEVELOPMENT\PROJECTS\Muindi-Mwesi-app\MM-backend\backend\urls.py changed, reloading.
Watching for file changes with StatReloader
C:\Users\Administrator\OneDrive\Documents\STUDIES\PERSONAL\WEB DEVELOPMENT\PROJECTS\Muindi-Mwesi-app\MM-backend\backend\urls.py changed, reloading.
Watching for file changes with StatReloader
C:\Users\Administrator\OneDrive\Documents\STUDIES\PERSONAL\WEB DEVELOPMENT\PROJECTS\Muindi-Mwesi-app\MM-backend\backend\urls.py changed, reloading.
Watching for file changes with StatReloader
C:\Users\Administrator\OneDrive\Documents\STUDIES\PERSONAL\WEB DEVELOPMENT\PROJECTS\Muindi-Mwesi-app\MM-backend\backend\urls.py changed, reloading.
Watching for file changes with StatReloader
C:\Users\Administrator\OneDrive\Documents\STUDIES\PERSONAL\WEB DEVELOPMENT\PROJECTS\Muindi-Mwesi-app\MM-backend\backend\urls.py changed, reloading.
Watching for file changes with StatReloader
C:\Users\Administrator\OneDrive\Documents\STUDIES\PERSONAL\WEB DEVELOPMENT\PROJECTS\Muindi-Mwesi-app\MM-backend\backend\urls.py changed, reloading.
Watching for file changes with StatReloader
C:\Users\Administrator\OneDrive\Documents\STUDIES\PERSONAL\WEB DEVELOPMENT\PROJECTS\Muindi-Mwesi-app\MM-backend\users\urls.py changed, reloading.
Watching for file changes with StatReloader
C:\Users\Administrator\OneDrive\Documents\STUDIES\PERSONAL\WEB DEVELOPMENT\PROJECTS\Muindi-Mwesi-app\MM-backend\users\urls.py changed, reloading.
Watching for file changes with StatReloader
C:\Users\Administrator\OneDrive\Documents\STUDIES\PERSONAL\WEB DEVELOPMENT\PROJECTS\Muindi-Mwesi-app\MM-backend\users\urls.py changed, reloading.
Watching for file changes with StatReloader
Watching for file changes with StatReloader
Bad Request: /api/users/google/
Watching for file changes with StatReloader
Bad Request: /api/users/google/
C:\Users\Administrator\OneDrive\Documents\STUDIES\PERSONAL\WEB DEVELOPMENT\PROJECTS\Muindi-Mwesi-app\MM-backend\users\views.py changed, reloading.
Watching for file changes with StatReloader
C:\Users\Administrator\OneDrive\Documents\STUDIES\PERSONAL\WEB DEVELOPMENT\PROJECTS\Muindi-Mwesi-app\MM-backend\users\views.py changed, reloading.
Watching for file changes with StatReloader
Watching for file changes with StatReloader
Bad Request: /api/users/google/
C:\Users\Administrator\OneDrive\Documents\STUDIES\PERSONAL\WEB DEVELOPMENT\PROJECTS\Muindi-Mwesi-app\MM-backend\users\views.py changed, reloading.
Watching for file changes with StatReloader
Watching for file changes with StatReloader
Bad Request: /api/users/google/
Watching for file changes with StatReloader
Bad Request: /api/users/google/
Unauthorized: /api/users/login/
Unauthorized: /api/users/login/
Unauthorized: /api/users/login/
Bad Request: /api/users/google/
Unauthorized: /api/users/login/
Watching for file changes with StatReloader
Not Found: /
Not Found: /favicon.ico
Watching for file changes with StatReloader
C:\Users\Administrator\OneDrive\Documents\STUDIES\PERSONAL\WEB DEVELOPMENT\PROJECTS\Muindi-Mwesi-app\MM-backend\backend\settings.py changed, reloading.
Watching for file changes with StatReloader
C:\Users\Administrator\OneDrive\Documents\STUDIES\PERSONAL\WEB DEVELOPMENT\PROJECTS\Muindi-Mwesi-app\MM-backend\backend\settings.py changed, reloading.
Watching for file changes with StatReloader
Bad Request: /api/users/google/
C:\Users\Administrator\OneDrive\Documents\STUDIES\PERSONAL\WEB DEVELOPMENT\PROJECTS\Muindi-Mwesi-app\MM-backend\users\views.py changed, reloading.
Watching for file changes with StatReloader
C:\Users\Administrator\OneDrive\Documents\STUDIES\PERSONAL\WEB DEVELOPMENT\PROJECTS\Muindi-Mwesi-app\MM-backend\users\views.py changed, reloading.
Watching for file changes with StatReloader
C:\Users\Administrator\OneDrive\Documents\STUDIES\PERSONAL\WEB DEVELOPMENT\PROJECTS\Muindi-Mwesi-app\MM-backend\users\views.py changed, reloading.
Watching for file changes with StatReloader
C:\Users\Administrator\OneDrive\Documents\STUDIES\PERSONAL\WEB DEVELOPMENT\PROJECTS\Muindi-Mwesi-app\MM-backend\backend\settings.py changed, reloading.
Watching for file changes with StatReloader
C:\Users\Administrator\OneDrive\Documents\STUDIES\PERSONAL\WEB DEVELOPMENT\PROJECTS\Muindi-Mwesi-app\MM-backend\backend\settings.py changed, reloading.
Watching for file changes with StatReloader
C:\Users\Administrator\OneDrive\Documents\STUDIES\PERSONAL\WEB DEVELOPMENT\PROJECTS\Muindi-Mwesi-app\MM-backend\backend\settings.py changed, reloading.
Watching for file changes with StatReloader
Watching for file changes with StatReloader
Bad Request: /api/users/google/
C:\Users\Administrator\OneDrive\Documents\STUDIES\PERSONAL\WEB DEVELOPMENT\PROJECTS\Muindi-Mwesi-app\MM-backend\users\views.py changed, reloading.
Watching for file changes with StatReloader
C:\Users\Administrator\OneDrive\Documents\STUDIES\PERSONAL\WEB DEVELOPMENT\PROJECTS\Muindi-Mwesi-app\MM-backend\users\views.py changed, reloading.
Watching for file changes with StatReloader
C:\Users\Administrator\OneDrive\Documents\STUDIES\PERSONAL\WEB DEVELOPMENT\PROJECTS\Muindi-Mwesi-app\MM-backend\users\views.py changed, reloading.
Watching for file changes with StatReloader
Unauthorized: /api/users/login/
Unauthorized: /api/users/login/
Unauthorized: /api/users/login/
C:\Users\Administrator\OneDrive\Documents\STUDIES\PERSONAL\WEB DEVELOPMENT\PROJECTS\Muindi-Mwesi-app\MM-backend\backend\settings.py changed, reloading.
Watching for file changes with StatReloader
C:\Users\Administrator\OneDrive\Documents\STUDIES\PERSONAL\WEB DEVELOPMENT\PROJECTS\Muindi-Mwesi-app\MM-backend\users\models.py changed, reloading.
Watching for file changes with StatReloader
Watching for file changes with StatReloader
Watching for file changes with StatReloader
"OPTIONS /api/users/google/ HTTP/1.1" 500 59
C:\Users\Administrator\OneDrive\Documents\STUDIES\PERSONAL\WEB DEVELOPMENT\PROJECTS\Muindi-Mwesi-app\MM-backend\backend\settings.py changed, reloading.
Watching for file changes with StatReloader
Watching for file changes with StatReloader
"OPTIONS /api/users/google/ HTTP/1.1" 200 0
Request data: {'code': '4/0Ab_5qllvtwEnE8Wnril4BnNcSrZoCYABSMhJnobcvBmnZKZdvVi6k7MWKehaP9c921IISg'}
Received code: 4/0Ab_5qllvtwEnE8Wnril4BnNcSrZoCYABSMhJnobcvBmnZKZdvVi6k7MWKehaP9c921IISg
Loading social auth strategy...
Backend loaded: google-oauth2
Backend config - Client ID: 268798045689-i79dke9fhtqb4hmv4okk1gditsb49efi.apps.googleusercontent.com
Using redirect URI: http://localhost:5173/auth/google/callback
Attempting code exchange with Google...
Code exchange failed: AuthMissingParameter: Missing needed parameter state
Traceback (most recent call last):
  File "C:\Users\Administrator\OneDrive\Documents\STUDIES\PERSONAL\WEB DEVELOPMENT\PROJECTS\Muindi-Mwesi-app\MM-backend\users\views.py", line 107, in post
    user = backend.complete(request=request, code=code)
  File "C:\Users\Administrator\OneDrive\Documents\STUDIES\PERSONAL\WEB DEVELOPMENT\PROJECTS\Muindi-Mwesi-app\MM-backend\env\Lib\site-packages\social_core\backends\base.py", line 46, in complete
    return self.auth_complete(*args, **kwargs)
           ~~~~~~~~~~~~~~~~~~^^^^^^^^^^^^^^^^^
  File "C:\Users\Administrator\OneDrive\Documents\STUDIES\PERSONAL\WEB DEVELOPMENT\PROJECTS\Muindi-Mwesi-app\MM-backend\env\Lib\site-packages\social_core\utils.py", line 235, in wrapper
    return func(*args, **kwargs)
  File "C:\Users\Administrator\OneDrive\Documents\STUDIES\PERSONAL\WEB DEVELOPMENT\PROJECTS\Muindi-Mwesi-app\MM-backend\env\Lib\site-packages\social_core\backends\oauth.py", line 434, in auth_complete
    state = self.validate_state()
  File "C:\Users\Administrator\OneDrive\Documents\STUDIES\PERSONAL\WEB DEVELOPMENT\PROJECTS\Muindi-Mwesi-app\MM-backend\env\Lib\site-packages\social_core\backends\oauth.py", line 108, in validate_state
    raise AuthMissingParameter(self, "state")
social_core.exceptions.AuthMissingParameter: Missing needed parameter state
Bad Request: /api/users/google/
"POST /api/users/google/ HTTP/1.1" 400 64
C:\Users\Administrator\OneDrive\Documents\STUDIES\PERSONAL\WEB DEVELOPMENT\PROJECTS\Muindi-Mwesi-app\MM-backend\users\views.py changed, reloading.
Watching for file changes with StatReloader
Request data: {'code': '4/0Ab_5qlkHfmiehYnp_HBB-pxrasIN0ifhYrgjUSrNdqcleGJn6zpBm_8XrPnZQ1Mv4gBx-Q'}
Received code: 4/0Ab_5qlkHfmiehYnp_HBB-pxrasIN0ifhYrgjUSrNdqcleGJn6zpBm_8XrPnZQ1Mv4gBx-Q, state: None
Invalid or missing state parameter
Bad Request: /api/users/google/
"POST /api/users/google/ HTTP/1.1" 400 49
C:\Users\Administrator\OneDrive\Documents\STUDIES\PERSONAL\WEB DEVELOPMENT\PROJECTS\Muindi-Mwesi-app\MM-backend\users\views.py changed, reloading.
Watching for file changes with StatReloader
Watching for file changes with StatReloader
Request data: {'code': '4/0Ab_5qlkm_mG8NItbNOtsf-e_OlXNwJTubUf6IPHs1MBy2tXobVfI8bUZeTrmzTfJz8JBVg', 'state': 'a6eca4a3206da72460710459a50f8ff8'}
Received code: 4/0Ab_5qlkm_mG8NItbNOtsf-e_OlXNwJTubUf6IPHs1MBy2tXobVfI8bUZeTrmzTfJz8JBVg, state: a6eca4a3206da72460710459a50f8ff8
Loading social auth strategy...
Backend loaded: google-oauth2
Backend config - Client ID: 268798045689-i79dke9fhtqb4hmv4okk1gditsb49efi.apps.googleusercontent.com
Using redirect URI: http://localhost:5173/auth/google/callback
Attempting code exchange with Google...
Code exchange failed: AuthMissingParameter: Missing needed parameter state
Traceback (most recent call last):
  File "C:\Users\Administrator\OneDrive\Documents\STUDIES\PERSONAL\WEB DEVELOPMENT\PROJECTS\Muindi-Mwesi-app\MM-backend\users\views.py", line 113, in post
    user = backend.complete(request=request, code=code, state=state)
  File "C:\Users\Administrator\OneDrive\Documents\STUDIES\PERSONAL\WEB DEVELOPMENT\PROJECTS\Muindi-Mwesi-app\MM-backend\env\Lib\site-packages\social_core\backends\base.py", line 46, in complete
    return self.auth_complete(*args, **kwargs)
           ~~~~~~~~~~~~~~~~~~^^^^^^^^^^^^^^^^^
  File "C:\Users\Administrator\OneDrive\Documents\STUDIES\PERSONAL\WEB DEVELOPMENT\PROJECTS\Muindi-Mwesi-app\MM-backend\env\Lib\site-packages\social_core\utils.py", line 235, in wrapper
    return func(*args, **kwargs)
  File "C:\Users\Administrator\OneDrive\Documents\STUDIES\PERSONAL\WEB DEVELOPMENT\PROJECTS\Muindi-Mwesi-app\MM-backend\env\Lib\site-packages\social_core\backends\oauth.py", line 434, in auth_complete
    state = self.validate_state()
  File "C:\Users\Administrator\OneDrive\Documents\STUDIES\PERSONAL\WEB DEVELOPMENT\PROJECTS\Muindi-Mwesi-app\MM-backend\env\Lib\site-packages\social_core\backends\oauth.py", line 108, in validate_state
    raise AuthMissingParameter(self, "state")
social_core.exceptions.AuthMissingParameter: Missing needed parameter state
Bad Request: /api/users/google/
"POST /api/users/google/ HTTP/1.1" 400 64
C:\Users\Administrator\OneDrive\Documents\STUDIES\PERSONAL\WEB DEVELOPMENT\PROJECTS\Muindi-Mwesi-app\MM-backend\backend\settings.py changed, reloading.
Watching for file changes with StatReloader
C:\Users\Administrator\OneDrive\Documents\STUDIES\PERSONAL\WEB DEVELOPMENT\PROJECTS\Muindi-Mwesi-app\MM-backend\users\views.py changed, reloading.
Watching for file changes with StatReloader
Request data: {'code': '4/0Ab_5qlkSMf80YprvHRmz1x6ArGCN82w_SKEaTeOdROhKkin3-P0RsBTOUjBGX55u2STrmg', 'state': 'b69ea886de6e65b95599b10a9f1dcf20'}
Received code: 4/0Ab_5qlkSMf80YprvHRmz1x6ArGCN82w_SKEaTeOdROhKkin3-P0RsBTOUjBGX55u2STrmg, state: b69ea886de6e65b95599b10a9f1dcf20
Loading social auth strategy...
Backend loaded: google-oauth2
Backend config - Client ID: 268798045689-i79dke9fhtqb4hmv4okk1gditsb49efi.apps.googleusercontent.com
Using redirect URI: http://localhost:5173/auth/google/callback
Attempting code exchange with Google...
Code exchange failed: AuthMissingParameter: Missing needed parameter state
Traceback (most recent call last):
  File "C:\Users\Administrator\OneDrive\Documents\STUDIES\PERSONAL\WEB DEVELOPMENT\PROJECTS\Muindi-Mwesi-app\MM-backend\users\views.py", line 107, in post
    user = backend.complete(request=request, code=code)
  File "C:\Users\Administrator\OneDrive\Documents\STUDIES\PERSONAL\WEB DEVELOPMENT\PROJECTS\Muindi-Mwesi-app\MM-backend\env\Lib\site-packages\social_core\backends\base.py", line 46, in complete
    return self.auth_complete(*args, **kwargs)
           ~~~~~~~~~~~~~~~~~~^^^^^^^^^^^^^^^^^
  File "C:\Users\Administrator\OneDrive\Documents\STUDIES\PERSONAL\WEB DEVELOPMENT\PROJECTS\Muindi-Mwesi-app\MM-backend\env\Lib\site-packages\social_core\utils.py", line 235, in wrapper
    return func(*args, **kwargs)
  File "C:\Users\Administrator\OneDrive\Documents\STUDIES\PERSONAL\WEB DEVELOPMENT\PROJECTS\Muindi-Mwesi-app\MM-backend\env\Lib\site-packages\social_core\backends\oauth.py", line 434, in auth_complete
    state = self.validate_state()
  File "C:\Users\Administrator\OneDrive\Documents\STUDIES\PERSONAL\WEB DEVELOPMENT\PROJECTS\Muindi-Mwesi-app\MM-backend\env\Lib\site-packages\social_core\backends\oauth.py", line 108, in validate_state
    raise AuthMissingParameter(self, "state")
social_core.exceptions.AuthMissingParameter: Missing needed parameter state
Bad Request: /api/users/google/
"POST /api/users/google/ HTTP/1.1" 400 64
C:\Users\Administrator\OneDrive\Documents\STUDIES\PERSONAL\WEB DEVELOPMENT\PROJECTS\Muindi-Mwesi-app\MM-backend\users\views.py changed, reloading.
Watching for file changes with StatReloader
C:\Users\Administrator\OneDrive\Documents\STUDIES\PERSONAL\WEB DEVELOPMENT\PROJECTS\Muindi-Mwesi-app\MM-backend\users\urls.py changed, reloading.
Watching for file changes with StatReloader
C:\Users\Administrator\OneDrive\Documents\STUDIES\PERSONAL\WEB DEVELOPMENT\PROJECTS\Muindi-Mwesi-app\MM-backend\users\urls.py changed, reloading.
Watching for file changes with StatReloader
Request data: {'code': '4/0Ab_5qlkpHUlHIZc805aQkHJsGRBu2yeg1slgjNq0Oj3-QcpRl5lMTDh7zCusi8TDQRka4w', 'state': '52b3dfb60002e28475fbc8c52a5d8383'}
Received code: 4/0Ab_5qlkpHUlHIZc805aQkHJsGRBu2yeg1slgjNq0Oj3-QcpRl5lMTDh7zCusi8TDQRka4w, state: 52b3dfb60002e28475fbc8c52a5d8383
Loading social auth strategy...
Backend loaded: google-oauth2
Backend config - Client ID: 268798045689-i79dke9fhtqb4hmv4okk1gditsb49efi.apps.googleusercontent.com
Using redirect URI: http://localhost:5173/auth/google/callback
Attempting code exchange with Google...
Code exchange failed: AuthMissingParameter: Missing needed parameter state
Traceback (most recent call last):
  File "C:\Users\Administrator\OneDrive\Documents\STUDIES\PERSONAL\WEB DEVELOPMENT\PROJECTS\Muindi-Mwesi-app\MM-backend\users\views.py", line 107, in post
    user = backend.complete(request=request, code=code)
  File "C:\Users\Administrator\OneDrive\Documents\STUDIES\PERSONAL\WEB DEVELOPMENT\PROJECTS\Muindi-Mwesi-app\MM-backend\env\Lib\site-packages\social_core\backends\base.py", line 46, in complete
    return self.auth_complete(*args, **kwargs)
           ~~~~~~~~~~~~~~~~~~^^^^^^^^^^^^^^^^^
  File "C:\Users\Administrator\OneDrive\Documents\STUDIES\PERSONAL\WEB DEVELOPMENT\PROJECTS\Muindi-Mwesi-app\MM-backend\env\Lib\site-packages\social_core\utils.py", line 235, in wrapper
    return func(*args, **kwargs)
  File "C:\Users\Administrator\OneDrive\Documents\STUDIES\PERSONAL\WEB DEVELOPMENT\PROJECTS\Muindi-Mwesi-app\MM-backend\env\Lib\site-packages\social_core\backends\oauth.py", line 434, in auth_complete
    state = self.validate_state()
  File "C:\Users\Administrator\OneDrive\Documents\STUDIES\PERSONAL\WEB DEVELOPMENT\PROJECTS\Muindi-Mwesi-app\MM-backend\env\Lib\site-packages\social_core\backends\oauth.py", line 108, in validate_state
    raise AuthMissingParameter(self, "state")
social_core.exceptions.AuthMissingParameter: Missing needed parameter state
Bad Request: /api/users/google/
"POST /api/users/google/ HTTP/1.1" 400 64
Unauthorized: /api/users/login/
"POST /api/users/login/ HTTP/1.1" 401 31
Watching for file changes with StatReloader
"OPTIONS /api/users/google/ HTTP/1.1" 200 0
"POST /api/users/google/ HTTP/1.1" 200 622
"POST /api/users/google/ HTTP/1.1" 200 622
Watching for file changes with StatReloader
"OPTIONS /api/users/google/ HTTP/1.1" 200 0
"POST /api/users/google/ HTTP/1.1" 200 622
Watching for file changes with StatReloader
Watching for file changes with StatReloader
Watching for file changes with StatReloader
"OPTIONS /api/products/products/?search=apple&category=groceries HTTP/1.1" 200 0
Unauthorized: /api/products/products/
"GET /api/products/products/?search=apple&category=groceries HTTP/1.1" 401 183
"OPTIONS /api/users/google/ HTTP/1.1" 200 0
"POST /api/users/google/ HTTP/1.1" 200 622
Internal Server Error: /api/products/products/
"GET /api/products/products/?search=apple&category=groceries HTTP/1.1" 500 170
"OPTIONS /api/products/?search=apple&category=groceries HTTP/1.1" 200 0
Not Found: /api/products/
"GET /api/products/?search=apple&category=groceries HTTP/1.1" 404 179
"OPTIONS /api/products/?search=&category= HTTP/1.1" 200 0
Not Found: /api/products/
"GET /api/products/?search=&category= HTTP/1.1" 404 179
C:\Users\Administrator\OneDrive\Documents\STUDIES\PERSONAL\WEB DEVELOPMENT\PROJECTS\Muindi-Mwesi-app\MM-backend\backend\urls.py changed, reloading.
Watching for file changes with StatReloader
Watching for file changes with StatReloader
"GET /api/products/?search=&category= HTTP/1.1" 200 2
"GET /api/products/?search=&category= HTTP/1.1" 200 2
"OPTIONS /api/products/ HTTP/1.1" 200 0
"GET /api/products/ HTTP/1.1" 200 2
"GET /api/products/ HTTP/1.1" 200 2
Watching for file changes with StatReloader
"POST /api/users/login/ HTTP/1.1" 200 608
"POST /api/users/login/ HTTP/1.1" 200 607
Not Found: /products/bulk-branches/
"POST /products/bulk-branches/ HTTP/1.1" 404 179
Not Found: /api/products/bulk-branches/
"POST /api/products/bulk-branches/ HTTP/1.1" 404 179
"POST /api/bulk-branches/ HTTP/1.1" 201 331
"POST /api/bulk-categories/ HTTP/1.1" 201 558
"POST /api/bulk-products/ HTTP/1.1" 201 5898
"GET /api/products/ HTTP/1.1" 200 5928
"GET /api/products/ HTTP/1.1" 200 5928
"OPTIONS /api/categories/ HTTP/1.1" 200 0
Unauthorized: /api/categories/
Unauthorized: /api/products/
"GET /api/categories/ HTTP/1.1" 401 183
"GET /api/products/ HTTP/1.1" 401 183
"OPTIONS /api/users/refresh/ HTTP/1.1" 200 0
"OPTIONS /api/users/refresh/ HTTP/1.1" 200 0
Not Found: /api/users/refresh/
Not Found: /api/users/refresh/
"POST /api/users/refresh/ HTTP/1.1" 404 179
"POST /api/users/refresh/ HTTP/1.1" 404 179
Watching for file changes with StatReloader
"GET /api/categories/ HTTP/1.1" 200 558
"GET /api/products/ HTTP/1.1" 200 5928
"GET /api/categories/ HTTP/1.1" 200 558
"GET /api/products/ HTTP/1.1" 200 5928
"GET /api/categories/ HTTP/1.1" 200 558
"GET /api/products/ HTTP/1.1" 200 5928
"GET /api/categories/ HTTP/1.1" 200 558
"GET /api/categories/ HTTP/1.1" 200 558
"GET /api/products/ HTTP/1.1" 200 5928
Watching for file changes with StatReloader
"GET /api/categories/ HTTP/1.1" 200 558
"GET /api/products/ HTTP/1.1" 200 5928
"GET /api/categories/ HTTP/1.1" 200 558
"GET /api/products/ HTTP/1.1" 200 5928
"GET /api/categories/ HTTP/1.1" 200 558
"GET /api/products/ HTTP/1.1" 200 5928
"GET /api/categories/ HTTP/1.1" 200 558
"GET /api/products/ HTTP/1.1" 200 5928
"OPTIONS /api/users/google/ HTTP/1.1" 200 0
"POST /api/users/google/ HTTP/1.1" 200 622
"OPTIONS /api/products/ HTTP/1.1" 200 0
"OPTIONS /api/categories/ HTTP/1.1" 200 0
"GET /api/categories/ HTTP/1.1" 200 558
"GET /api/products/ HTTP/1.1" 200 5928
Watching for file changes with StatReloader
"OPTIONS /api/products/ HTTP/1.1" 200 0
"OPTIONS /api/categories/ HTTP/1.1" 200 0
Unauthorized: /api/products/
Unauthorized: /api/categories/
"GET /api/products/ HTTP/1.1" 401 183
"GET /api/categories/ HTTP/1.1" 401 183
"OPTIONS /api/users/refresh/ HTTP/1.1" 200 0
"OPTIONS /api/users/refresh/ HTTP/1.1" 200 0
Not Found: /api/users/refresh/
"POST /api/users/refresh/ HTTP/1.1" 404 179
Not Found: /api/users/refresh/
"POST /api/users/refresh/ HTTP/1.1" 404 179
"OPTIONS /api/users/google/ HTTP/1.1" 200 0
"POST /api/users/google/ HTTP/1.1" 200 622
"GET /api/categories/ HTTP/1.1" 200 558
"GET /api/products/ HTTP/1.1" 200 5928
"GET /api/products/ HTTP/1.1" 200 5928
- Broken pipe from ('127.0.0.1', 62912)
- Broken pipe from ('127.0.0.1', 62913)
"GET /api/products/ HTTP/1.1" 200 5928
"GET /api/products/ HTTP/1.1" 200 5928
"GET /api/products/ HTTP/1.1" 200 5928
"GET /api/products/ HTTP/1.1" 200 5928
"GET /api/products/ HTTP/1.1" 200 5928
- Broken pipe from ('127.0.0.1', 62969)
"GET /api/products/ HTTP/1.1" 200 5928
- Broken pipe from ('127.0.0.1', 63760)
- Broken pipe from ('127.0.0.1', 63990)
"GET /api/products/ HTTP/1.1" 200 5928
"GET /api/products/ HTTP/1.1" 200 5928
"GET /api/products/ HTTP/1.1" 200 5928
"GET /api/products/ HTTP/1.1" 200 5928
"GET /api/products/ HTTP/1.1" 200 5928
"OPTIONS /api/products/15/ HTTP/1.1" 200 0
"GET /api/products/15/ HTTP/1.1" 200 380
Unauthorized: /api/products/15/
"GET /api/products/15/ HTTP/1.1" 401 183
Not Found: /api/users/refresh/
"POST /api/users/refresh/ HTTP/1.1" 404 179
"POST /api/users/google/ HTTP/1.1" 200 622
"GET /api/categories/ HTTP/1.1" 200 558
"GET /api/products/ HTTP/1.1" 200 5928
"OPTIONS /api/products/14/ HTTP/1.1" 200 0
"GET /api/products/14/ HTTP/1.1" 200 389
"GET /api/products/14/ HTTP/1.1" 200 389
"POST /api/users/login/ HTTP/1.1" 200 607
"GET /api/categories/ HTTP/1.1" 200 558
"GET /api/categories/1/ HTTP/1.1" 200 114
C:\Users\Administrator\OneDrive\Documents\STUDIES\PERSONAL\WEB DEVELOPMENT\PROJECTS\Muindi-Mwesi-app\MM-backend\products\views.py changed, reloading.
Watching for file changes with StatReloader
C:\Users\Administrator\OneDrive\Documents\STUDIES\PERSONAL\WEB DEVELOPMENT\PROJECTS\Muindi-Mwesi-app\MM-backend\products\views.py changed, reloading.
Watching for file changes with StatReloader
"GET /api/categories/1/ HTTP/1.1" 200 114
"GET /api/categories/2/ HTTP/1.1" 200 122
"GET /admin/ HTTP/1.1" 302 0
"GET /admin/login/?next=/admin/ HTTP/1.1" 200 4184
Not Found: /static/admin/css/base.css
"GET /static/admin/css/base.css HTTP/1.1" 404 179
Not Found: /static/admin/css/dark_mode.css
Not Found: /static/admin/css/nav_sidebar.css
Not Found: /static/admin/css/login.css
Not Found: /static/admin/js/theme.js
"GET /static/admin/css/nav_sidebar.css HTTP/1.1" 404 179
"GET /static/admin/css/dark_mode.css HTTP/1.1" 404 179
Not Found: /static/admin/css/responsive.css
"GET /static/admin/css/login.css HTTP/1.1" 404 179
"GET /static/admin/js/theme.js HTTP/1.1" 404 179
"GET /static/admin/css/responsive.css HTTP/1.1" 404 179
Not Found: /static/admin/js/nav_sidebar.js
"GET /static/admin/js/nav_sidebar.js HTTP/1.1" 404 179
Not Found: /static/admin/css/nav_sidebar.css
Not Found: /static/admin/css/login.css
Not Found: /static/admin/css/responsive.css
"GET /static/admin/css/nav_sidebar.css HTTP/1.1" 404 179
"GET /static/admin/css/login.css HTTP/1.1" 404 179
"GET /static/admin/css/responsive.css HTTP/1.1" 404 179
Not Found: /favicon.ico
"GET /favicon.ico HTTP/1.1" 404 179
"GET /admin/login/?next=/admin/ HTTP/1.1" 200 4184
Not Found: /static/admin/css/nav_sidebar.css
Not Found: /static/admin/css/responsive.css
Not Found: /static/admin/css/base.css
Not Found: /static/admin/css/dark_mode.css
Not Found: /static/admin/js/theme.js
Not Found: /static/admin/css/login.css
"GET /static/admin/css/nav_sidebar.css HTTP/1.1" 404 179
"GET /static/admin/css/responsive.css HTTP/1.1" 404 179
"GET /static/admin/css/base.css HTTP/1.1" 404 179
"GET /static/admin/css/dark_mode.css HTTP/1.1" 404 179
"GET /static/admin/js/theme.js HTTP/1.1" 404 179
"GET /static/admin/css/login.css HTTP/1.1" 404 179
Not Found: /static/admin/js/nav_sidebar.js
"GET /static/admin/js/nav_sidebar.js HTTP/1.1" 404 179
Not Found: /static/admin/css/nav_sidebar.css
Not Found: /static/admin/css/login.css
Not Found: /static/admin/css/responsive.css
"GET /static/admin/css/nav_sidebar.css HTTP/1.1" 404 179
"GET /static/admin/css/login.css HTTP/1.1" 404 179
"GET /static/admin/css/responsive.css HTTP/1.1" 404 179
"POST /admin/login/?next=/admin/ HTTP/1.1" 200 4352
Not Found: /static/admin/css/responsive.css
Not Found: /static/admin/css/base.css
Not Found: /static/admin/css/dark_mode.css
Not Found: /static/admin/js/theme.js
Not Found: /static/admin/css/nav_sidebar.css
Not Found: /static/admin/css/login.css
"GET /static/admin/css/responsive.css HTTP/1.1" 404 179
"GET /static/admin/css/base.css HTTP/1.1" 404 179
"GET /static/admin/css/dark_mode.css HTTP/1.1" 404 179
"GET /static/admin/js/theme.js HTTP/1.1" 404 179
"GET /static/admin/css/nav_sidebar.css HTTP/1.1" 404 179
"GET /static/admin/css/login.css HTTP/1.1" 404 179
Not Found: /static/admin/js/nav_sidebar.js
Not Found: /static/admin/css/nav_sidebar.css
Not Found: /static/admin/css/responsive.css
Not Found: /static/admin/css/login.css
"GET /static/admin/js/nav_sidebar.js HTTP/1.1" 404 179
"GET /static/admin/css/nav_sidebar.css HTTP/1.1" 404 179
"GET /static/admin/css/responsive.css HTTP/1.1" 404 179
"GET /static/admin/css/login.css HTTP/1.1" 404 179
"POST /admin/login/?next=/admin/ HTTP/1.1" 302 0
"GET /admin/ HTTP/1.1" 200 8915
Not Found: /static/admin/css/base.css
Not Found: /static/admin/css/dark_mode.css
Not Found: /static/admin/css/nav_sidebar.css
Not Found: /static/admin/js/theme.js
Not Found: /static/admin/css/dashboard.css
Not Found: /static/admin/css/responsive.css
"GET /static/admin/css/base.css HTTP/1.1" 404 179
"GET /static/admin/css/dark_mode.css HTTP/1.1" 404 179
"GET /static/admin/css/nav_sidebar.css HTTP/1.1" 404 179
"GET /static/admin/js/theme.js HTTP/1.1" 404 179
"GET /static/admin/css/dashboard.css HTTP/1.1" 404 179
"GET /static/admin/css/responsive.css HTTP/1.1" 404 179
Not Found: /static/admin/js/nav_sidebar.js
"GET /static/admin/js/nav_sidebar.js HTTP/1.1" 404 179
Not Found: /static/admin/css/nav_sidebar.css
Not Found: /static/admin/css/dashboard.css
Not Found: /static/admin/css/responsive.css
"GET /static/admin/css/nav_sidebar.css HTTP/1.1" 404 179
"GET /static/admin/css/dashboard.css HTTP/1.1" 404 179
"GET /static/admin/css/responsive.css HTTP/1.1" 404 179
"GET /admin/ HTTP/1.1" 200 8915
Not Found: /static/admin/css/base.css
Not Found: /static/admin/css/dark_mode.css
Not Found: /static/admin/css/nav_sidebar.css
Not Found: /static/admin/css/dashboard.css
Not Found: /static/admin/css/responsive.css
Not Found: /static/admin/js/theme.js
"GET /static/admin/css/base.css HTTP/1.1" 404 179
"GET /static/admin/css/dark_mode.css HTTP/1.1" 404 179
"GET /static/admin/css/nav_sidebar.css HTTP/1.1" 404 179
"GET /static/admin/css/dashboard.css HTTP/1.1" 404 179
"GET /static/admin/css/responsive.css HTTP/1.1" 404 179
"GET /static/admin/js/theme.js HTTP/1.1" 404 179
Not Found: /static/admin/js/nav_sidebar.js
"GET /static/admin/js/nav_sidebar.js HTTP/1.1" 404 179
Not Found: /static/admin/css/nav_sidebar.css
Not Found: /static/admin/css/dashboard.css
Not Found: /static/admin/css/responsive.css
"GET /static/admin/css/nav_sidebar.css HTTP/1.1" 404 179
"GET /static/admin/css/dashboard.css HTTP/1.1" 404 179
"GET /static/admin/css/responsive.css HTTP/1.1" 404 179
Watching for file changes with StatReloader
"GET /admin/ HTTP/1.1" 200 8915
Not Found: /static/admin/css/nav_sidebar.css
"GET /static/admin/css/nav_sidebar.css HTTP/1.1" 404 179
Not Found: /static/admin/css/base.css
Not Found: /static/admin/css/responsive.css
Not Found: /static/admin/css/dashboard.css
"GET /static/admin/css/base.css HTTP/1.1" 404 179
"GET /static/admin/css/responsive.css HTTP/1.1" 404 179
Not Found: /static/admin/css/dark_mode.css
"GET /static/admin/css/dashboard.css HTTP/1.1" 404 179
Not Found: /static/admin/js/theme.js
"GET /static/admin/css/dark_mode.css HTTP/1.1" 404 179
"GET /static/admin/js/theme.js HTTP/1.1" 404 179
Not Found: /static/admin/js/nav_sidebar.js
Not Found: /static/admin/css/nav_sidebar.css
Not Found: /static/admin/css/responsive.css
Not Found: /static/admin/css/dashboard.css
"GET /static/admin/js/nav_sidebar.js HTTP/1.1" 404 179
"GET /static/admin/css/nav_sidebar.css HTTP/1.1" 404 179
"GET /static/admin/css/responsive.css HTTP/1.1" 404 179
"GET /static/admin/css/dashboard.css HTTP/1.1" 404 179
C:\Users\Administrator\OneDrive\Documents\STUDIES\PERSONAL\WEB DEVELOPMENT\PROJECTS\Muindi-Mwesi-app\MM-backend\backend\settings.py changed, reloading.
Watching for file changes with StatReloader
"GET /admin/ HTTP/1.1" 200 8915
Not Found: /static/admin/css/nav_sidebar.css
Not Found: /static/admin/css/base.css
"GET /static/admin/css/nav_sidebar.css HTTP/1.1" 404 179
"GET /static/admin/css/base.css HTTP/1.1" 404 179
Not Found: /static/admin/css/dark_mode.css
Not Found: /static/admin/css/dashboard.css
Not Found: /static/admin/js/theme.js
"GET /static/admin/css/dark_mode.css HTTP/1.1" 404 179
"GET /static/admin/css/dashboard.css HTTP/1.1" 404 179
Not Found: /static/admin/css/responsive.css
"GET /static/admin/js/theme.js HTTP/1.1" 404 179
"GET /static/admin/css/responsive.css HTTP/1.1" 404 179
Not Found: /static/admin/css/base.css
Not Found: /static/admin/js/nav_sidebar.js
"GET /static/admin/css/base.css HTTP/1.1" 404 179
"GET /static/admin/js/nav_sidebar.js HTTP/1.1" 404 179
Not Found: /static/admin/css/nav_sidebar.css
Not Found: /static/admin/css/dashboard.css
Not Found: /static/admin/css/responsive.css
"GET /static/admin/css/nav_sidebar.css HTTP/1.1" 404 179
"GET /static/admin/css/dashboard.css HTTP/1.1" 404 179
"GET /static/admin/css/responsive.css HTTP/1.1" 404 179
Watching for file changes with StatReloader
"GET /admin/ HTTP/1.1" 200 8915
Not Found: /static/admin/css/base.css
Not Found: /static/admin/css/dark_mode.css
"GET /static/admin/css/base.css HTTP/1.1" 404 179
"GET /static/admin/css/dark_mode.css HTTP/1.1" 404 179
Not Found: /static/admin/css/nav_sidebar.css
"GET /static/admin/css/nav_sidebar.css HTTP/1.1" 404 179
Not Found: /static/admin/css/dashboard.css
"GET /static/admin/css/dashboard.css HTTP/1.1" 404 179
Not Found: /static/admin/css/responsive.css
"GET /static/admin/css/responsive.css HTTP/1.1" 404 179
Not Found: /static/admin/js/theme.js
"GET /static/admin/js/theme.js HTTP/1.1" 404 179
Not Found: /static/admin/js/nav_sidebar.js
Not Found: /static/admin/css/nav_sidebar.css
Not Found: /static/admin/css/responsive.css
Not Found: /static/admin/css/dashboard.css
"GET /static/admin/js/nav_sidebar.js HTTP/1.1" 404 179
"GET /static/admin/css/nav_sidebar.css HTTP/1.1" 404 179
"GET /static/admin/css/responsive.css HTTP/1.1" 404 179
"GET /static/admin/css/dashboard.css HTTP/1.1" 404 179
Not Found: /
"GET / HTTP/1.1" 404 179
"GET /admin/ HTTP/1.1" 200 8915
Not Found: /static/admin/css/nav_sidebar.css
Not Found: /static/admin/css/dashboard.css
Not Found: /static/admin/css/base.css
Not Found: /static/admin/css/dark_mode.css
Not Found: /static/admin/css/responsive.css
Not Found: /static/admin/js/theme.js
"GET /static/admin/css/nav_sidebar.css HTTP/1.1" 404 179
"GET /static/admin/css/dashboard.css HTTP/1.1" 404 179
"GET /static/admin/css/base.css HTTP/1.1" 404 179
"GET /static/admin/css/dark_mode.css HTTP/1.1" 404 179
"GET /static/admin/css/responsive.css HTTP/1.1" 404 179
"GET /static/admin/js/theme.js HTTP/1.1" 404 179
Not Found: /static/admin/js/nav_sidebar.js
"GET /static/admin/js/nav_sidebar.js HTTP/1.1" 404 179
Not Found: /static/admin/css/nav_sidebar.css
"GET /static/admin/css/nav_sidebar.css HTTP/1.1" 404 179
Not Found: /static/admin/css/dashboard.css
Not Found: /static/admin/css/responsive.css
"GET /static/admin/css/dashboard.css HTTP/1.1" 404 179
"GET /static/admin/css/responsive.css HTTP/1.1" 404 179
C:\Users\Administrator\OneDrive\Documents\STUDIES\PERSONAL\WEB DEVELOPMENT\PROJECTS\Muindi-Mwesi-app\MM-backend\backend\settings.py changed, reloading.
Watching for file changes with StatReloader
Watching for file changes with StatReloader
"GET /admin/ HTTP/1.1" 200 8915
Not Found: /static/admin/css/nav_sidebar.css
"GET /static/admin/css/nav_sidebar.css HTTP/1.1" 404 179
Not Found: /static/admin/css/dashboard.css
Not Found: /static/admin/css/base.css
"GET /static/admin/css/dashboard.css HTTP/1.1" 404 179
Not Found: /static/admin/js/theme.js
Not Found: /static/admin/css/dark_mode.css
"GET /static/admin/css/base.css HTTP/1.1" 404 179
Not Found: /static/admin/css/responsive.css
"GET /static/admin/js/theme.js HTTP/1.1" 404 179
"GET /static/admin/css/dark_mode.css HTTP/1.1" 404 179
"GET /static/admin/css/responsive.css HTTP/1.1" 404 179
Not Found: /static/admin/js/nav_sidebar.js
"GET /static/admin/js/nav_sidebar.js HTTP/1.1" 404 179
Not Found: /static/admin/css/nav_sidebar.css
Not Found: /static/admin/css/responsive.css
Not Found: /static/admin/css/dashboard.css
"GET /static/admin/css/nav_sidebar.css HTTP/1.1" 404 179
"GET /static/admin/css/responsive.css HTTP/1.1" 404 179
"GET /static/admin/css/dashboard.css HTTP/1.1" 404 179
Watching for file changes with StatReloader
"GET /admin/ HTTP/1.1" 200 8915
Not Found: /static/admin/css/nav_sidebar.css
"GET /static/admin/css/nav_sidebar.css HTTP/1.1" 404 179
Not Found: /static/admin/css/responsive.css
"GET /static/admin/css/responsive.css HTTP/1.1" 404 179
Not Found: /static/admin/css/base.css
Not Found: /static/admin/css/dark_mode.css
"GET /static/admin/css/base.css HTTP/1.1" 404 179
"GET /static/admin/css/dark_mode.css HTTP/1.1" 404 179
Not Found: /static/admin/css/dashboard.css
Not Found: /static/admin/js/theme.js
"GET /static/admin/css/dashboard.css HTTP/1.1" 404 179
"GET /static/admin/js/theme.js HTTP/1.1" 404 179
Not Found: /static/admin/js/nav_sidebar.js
"GET /static/admin/js/nav_sidebar.js HTTP/1.1" 404 179
Not Found: /static/admin/css/nav_sidebar.css
Not Found: /static/admin/css/dashboard.css
Not Found: /static/admin/css/responsive.css
"GET /static/admin/css/nav_sidebar.css HTTP/1.1" 404 179
"GET /static/admin/css/dashboard.css HTTP/1.1" 404 179
"GET /static/admin/css/responsive.css HTTP/1.1" 404 179
"POST /admin/logout/ HTTP/1.1" 200 3579
Not Found: /static/admin/css/base.css
Not Found: /static/admin/css/nav_sidebar.css
Not Found: /static/admin/css/dark_mode.css
Not Found: /static/admin/js/theme.js
"GET /static/admin/css/base.css HTTP/1.1" 404 179
Not Found: /static/admin/css/responsive.css
"GET /static/admin/css/nav_sidebar.css HTTP/1.1" 404 179
"GET /static/admin/css/dark_mode.css HTTP/1.1" 404 179
"GET /static/admin/js/theme.js HTTP/1.1" 404 179
"GET /static/admin/css/responsive.css HTTP/1.1" 404 179
Not Found: /static/admin/js/nav_sidebar.js
Not Found: /static/admin/css/nav_sidebar.css
Not Found: /static/admin/css/responsive.css
"GET /static/admin/js/nav_sidebar.js HTTP/1.1" 404 179
"GET /static/admin/css/nav_sidebar.css HTTP/1.1" 404 179
"GET /static/admin/css/responsive.css HTTP/1.1" 404 179
"POST /admin/logout/ HTTP/1.1" 302 0
"GET /admin/ HTTP/1.1" 302 0
"GET /admin/login/?next=/admin/ HTTP/1.1" 200 4184
Not Found: /static/admin/css/base.css
Not Found: /static/admin/css/nav_sidebar.css
Not Found: /static/admin/css/dark_mode.css
Not Found: /static/admin/js/theme.js
Not Found: /static/admin/css/login.css
Not Found: /static/admin/css/responsive.css
"GET /static/admin/css/base.css HTTP/1.1" 404 179
"GET /static/admin/css/nav_sidebar.css HTTP/1.1" 404 179
"GET /static/admin/css/dark_mode.css HTTP/1.1" 404 179
"GET /static/admin/js/theme.js HTTP/1.1" 404 179
"GET /static/admin/css/login.css HTTP/1.1" 404 179
"GET /static/admin/css/responsive.css HTTP/1.1" 404 179
Not Found: /static/admin/js/nav_sidebar.js
"GET /static/admin/js/nav_sidebar.js HTTP/1.1" 404 179
Not Found: /static/admin/css/nav_sidebar.css
Not Found: /static/admin/css/login.css
Not Found: /static/admin/css/responsive.css
"GET /static/admin/css/nav_sidebar.css HTTP/1.1" 404 179
"GET /static/admin/css/login.css HTTP/1.1" 404 179
"GET /static/admin/css/responsive.css HTTP/1.1" 404 179
"GET /admin/ HTTP/1.1" 302 0
"GET /admin/login/?next=/admin/ HTTP/1.1" 200 4184
Not Found: /static/admin/css/base.css
"GET /static/admin/css/base.css HTTP/1.1" 404 179
Not Found: /static/admin/css/dark_mode.css
"GET /static/admin/css/dark_mode.css HTTP/1.1" 404 179
Not Found: /static/admin/css/nav_sidebar.css
"GET /static/admin/css/nav_sidebar.css HTTP/1.1" 404 179
Not Found: /static/admin/css/login.css
Not Found: /static/admin/css/responsive.css
"GET /static/admin/css/login.css HTTP/1.1" 404 179
"GET /static/admin/css/responsive.css HTTP/1.1" 404 179
Not Found: /static/admin/js/theme.js
"GET /static/admin/js/theme.js HTTP/1.1" 404 179
Not Found: /static/admin/js/nav_sidebar.js
Not Found: /static/admin/css/nav_sidebar.css
Not Found: /static/admin/css/login.css
Not Found: /static/admin/css/responsive.css
"GET /static/admin/js/nav_sidebar.js HTTP/1.1" 404 179
"GET /static/admin/css/nav_sidebar.css HTTP/1.1" 404 179
"GET /static/admin/css/login.css HTTP/1.1" 404 179
"GET /static/admin/css/responsive.css HTTP/1.1" 404 179
Not Found: /favicon.ico
"GET /favicon.ico HTTP/1.1" 404 179
"GET /admin/ HTTP/1.1" 302 0
"GET /admin/login/?next=/admin/ HTTP/1.1" 200 4184
Not Found: /static/admin/css/base.css
Not Found: /static/admin/css/dark_mode.css
Not Found: /static/admin/js/theme.js
Not Found: /static/admin/css/nav_sidebar.css
Not Found: /static/admin/css/login.css
Not Found: /static/admin/css/responsive.css
"GET /static/admin/css/base.css HTTP/1.1" 404 179
"GET /static/admin/css/dark_mode.css HTTP/1.1" 404 179
"GET /static/admin/js/theme.js HTTP/1.1" 404 179
"GET /static/admin/css/nav_sidebar.css HTTP/1.1" 404 179
"GET /static/admin/css/login.css HTTP/1.1" 404 179
"GET /static/admin/css/responsive.css HTTP/1.1" 404 179
Not Found: /static/admin/js/nav_sidebar.js
"GET /static/admin/js/nav_sidebar.js HTTP/1.1" 404 179
Not Found: /static/admin/css/nav_sidebar.css
"GET /static/admin/css/nav_sidebar.css HTTP/1.1" 404 179
Not Found: /static/admin/css/login.css
Not Found: /static/admin/css/responsive.css
"GET /static/admin/css/login.css HTTP/1.1" 404 179
"GET /static/admin/css/responsive.css HTTP/1.1" 404 179
"POST /admin/login/?next=/admin/ HTTP/1.1" 302 0
"GET /admin/ HTTP/1.1" 200 8915
Not Found: /static/admin/css/base.css
Not Found: /static/admin/css/dashboard.css
Not Found: /static/admin/css/dark_mode.css
Not Found: /static/admin/js/theme.js
Not Found: /static/admin/css/nav_sidebar.css
Not Found: /static/admin/css/responsive.css
"GET /static/admin/css/base.css HTTP/1.1" 404 179
"GET /static/admin/css/dashboard.css HTTP/1.1" 404 179
"GET /static/admin/css/dark_mode.css HTTP/1.1" 404 179
"GET /static/admin/js/theme.js HTTP/1.1" 404 179
"GET /static/admin/css/nav_sidebar.css HTTP/1.1" 404 179
"GET /static/admin/css/responsive.css HTTP/1.1" 404 179
Not Found: /static/admin/js/nav_sidebar.js
Not Found: /static/admin/css/nav_sidebar.css
Not Found: /static/admin/css/dashboard.css
Not Found: /static/admin/css/responsive.css
"GET /static/admin/js/nav_sidebar.js HTTP/1.1" 404 179
"GET /static/admin/css/nav_sidebar.css HTTP/1.1" 404 179
"GET /static/admin/css/dashboard.css HTTP/1.1" 404 179
"GET /static/admin/css/responsive.css HTTP/1.1" 404 179
Not Found: /static/admin/css/base.css
Not Found: /static/admin/css/dark_mode.css
Not Found: /static/admin/css/nav_sidebar.css
Not Found: /static/admin/css/dashboard.css
Not Found: /static/admin/css/responsive.css
"GET /static/admin/css/base.css HTTP/1.1" 404 179
"GET /static/admin/css/dark_mode.css HTTP/1.1" 404 179
"GET /static/admin/css/nav_sidebar.css HTTP/1.1" 404 179
"GET /static/admin/css/dashboard.css HTTP/1.1" 404 179
"GET /static/admin/css/responsive.css HTTP/1.1" 404 179
Not Found: /.well-known/appspecific/com.chrome.devtools.json
"GET /.well-known/appspecific/com.chrome.devtools.json HTTP/1.1" 404 179
C:\Users\Administrator\OneDrive\Documents\STUDIES\PERSONAL\WEB DEVELOPMENT\PROJECTS\Muindi-Mwesi-app\MM-backend\backend\urls.py changed, reloading.
Watching for file changes with StatReloader
C:\Users\Administrator\OneDrive\Documents\STUDIES\PERSONAL\WEB DEVELOPMENT\PROJECTS\Muindi-Mwesi-app\MM-backend\backend\urls.py changed, reloading.
Watching for file changes with StatReloader
Watching for file changes with StatReloader
"GET /admin/ HTTP/1.1" 200 8915
Not Found: /static/admin/css/base.css
Not Found: /static/admin/css/dark_mode.css
"GET /static/admin/css/dark_mode.css HTTP/1.1" 404 179
"GET /static/admin/css/base.css HTTP/1.1" 404 179
Not Found: /static/admin/css/nav_sidebar.css
Not Found: /static/admin/css/dashboard.css
"GET /static/admin/css/nav_sidebar.css HTTP/1.1" 404 179
"GET /static/admin/css/dashboard.css HTTP/1.1" 404 179
Not Found: /static/admin/css/responsive.css
Not Found: /static/admin/js/theme.js
"GET /static/admin/css/responsive.css HTTP/1.1" 404 179
"GET /static/admin/js/theme.js HTTP/1.1" 404 179
Not Found: /static/admin/js/nav_sidebar.js
"GET /static/admin/js/nav_sidebar.js HTTP/1.1" 404 179
Not Found: /static/admin/css/nav_sidebar.css
Not Found: /static/admin/css/dashboard.css
Not Found: /static/admin/css/responsive.css
"GET /static/admin/css/nav_sidebar.css HTTP/1.1" 404 179
"GET /static/admin/css/dashboard.css HTTP/1.1" 404 179
"GET /static/admin/css/responsive.css HTTP/1.1" 404 179
"POST /admin/logout/ HTTP/1.1" 200 3579
Not Found: /static/admin/css/base.css
Not Found: /static/admin/css/nav_sidebar.css
Not Found: /static/admin/css/dark_mode.css
Not Found: /static/admin/js/theme.js
Not Found: /static/admin/css/responsive.css
"GET /static/admin/css/base.css HTTP/1.1" 404 179
"GET /static/admin/css/nav_sidebar.css HTTP/1.1" 404 179
"GET /static/admin/css/dark_mode.css HTTP/1.1" 404 179
"GET /static/admin/js/theme.js HTTP/1.1" 404 179
"GET /static/admin/css/responsive.css HTTP/1.1" 404 179
Not Found: /static/admin/js/nav_sidebar.js
Not Found: /static/admin/css/nav_sidebar.css
Not Found: /static/admin/css/responsive.css
"GET /static/admin/js/nav_sidebar.js HTTP/1.1" 404 179
"GET /static/admin/css/nav_sidebar.css HTTP/1.1" 404 179
"GET /static/admin/css/responsive.css HTTP/1.1" 404 179
C:\Users\Administrator\OneDrive\Documents\STUDIES\PERSONAL\WEB DEVELOPMENT\PROJECTS\Muindi-Mwesi-app\MM-backend\backend\settings.py changed, reloading.
Watching for file changes with StatReloader
Watching for file changes with StatReloader
"POST /admin/logout/ HTTP/1.1" 302 0
"GET /admin/ HTTP/1.1" 302 0
"GET /admin/login/?next=/admin/ HTTP/1.1" 200 4184
Not Found: /static/admin/css/nav_sidebar.css
"GET /static/admin/css/nav_sidebar.css HTTP/1.1" 404 179
Not Found: /static/admin/css/login.css
"GET /static/admin/css/login.css HTTP/1.1" 404 179
Not Found: /static/admin/css/responsive.css
"GET /static/admin/css/responsive.css HTTP/1.1" 404 179
Not Found: /static/admin/css/dark_mode.css
Not Found: /static/admin/css/base.css
"GET /static/admin/css/dark_mode.css HTTP/1.1" 404 179
"GET /static/admin/css/base.css HTTP/1.1" 404 179
Not Found: /static/admin/js/theme.js
"GET /static/admin/js/theme.js HTTP/1.1" 404 179
Not Found: /static/admin/js/nav_sidebar.js
"GET /static/admin/js/nav_sidebar.js HTTP/1.1" 404 179
Not Found: /static/admin/css/nav_sidebar.css
Not Found: /static/admin/css/responsive.css
Not Found: /static/admin/css/login.css
"GET /static/admin/css/nav_sidebar.css HTTP/1.1" 404 179
"GET /static/admin/css/responsive.css HTTP/1.1" 404 179
"GET /static/admin/css/login.css HTTP/1.1" 404 179
